[00:09:37] [main/INFO]: Loading Minecraft 1.21.1 with Fabric Loader 0.16.3
[00:09:38] [main/INFO]: Loading 80 mods:
	- alternate-current 1.9.0
	- cloth-config 15.0.140
	   \-- cloth-basic-math 0.6.1
	- clumps 19.0.0.1
	- entityculling 1.7.0
	- fabric-api 0.106.0+1.21.1
	   |-- fabric-api-base 0.4.42+6573ed8c19
	   |-- fabric-api-lookup-api-v1 1.6.68+b559734419
	   |-- fabric-biome-api-v1 13.0.29+5bd9f1bc19
	   |-- fabric-block-api-v1 1.0.22+0af3f5a719
	   |-- fabric-block-view-api-v2 1.0.10+6573ed8c19
	   |-- fabric-blockrenderlayer-v1 1.1.52+0af3f5a719
	   |-- fabric-client-tags-api-v1 1.1.15+6573ed8c19
	   |-- fabric-command-api-v1 1.2.49+f71b366f19
	   |-- fabric-command-api-v2 2.2.28+6ced4dd919
	   |-- fabric-commands-v0 0.2.66+df3654b319
	   |-- fabric-content-registries-v0 8.0.16+b559734419
	   |-- fabric-convention-tags-v1 2.1.0+7f945d5b19
	   |-- fabric-convention-tags-v2 2.9.0+83a9d31319
	   |-- fabric-crash-report-info-v1 0.2.29+0af3f5a719
	   |-- fabric-data-attachment-api-v1 1.1.28+1daea21519
	   |-- fabric-data-generation-api-v1 20.2.21+16c4ae2519
	   |-- fabric-dimensions-v1 4.0.0+6fc22b9919
	   |-- fabric-entity-events-v1 1.7.0+2122d82819
	   |-- fabric-events-interaction-v0 0.7.13+ba9dae0619
	   |-- fabric-game-rule-api-v1 1.0.53+6ced4dd919
	   |-- fabric-item-api-v1 11.1.0+d5debaed19
	   |-- fabric-item-group-api-v1 4.1.5+3fc0e55219
	   |-- fabric-key-binding-api-v1 1.0.47+0af3f5a719
	   |-- fabric-keybindings-v0 0.2.45+df3654b319
	   |-- fabric-lifecycle-events-v1 2.3.12+6c1df36019
	   |-- fabric-loot-api-v2 3.0.14+3f89f5a519
	   |-- fabric-loot-api-v3 1.0.2+3f89f5a519
	   |-- fabric-message-api-v1 6.0.13+6573ed8c19
	   |-- fabric-model-loading-api-v1 2.0.0+fe474d6b19
	   |-- fabric-networking-api-v1 4.3.0+c7469b2119
	   |-- fabric-object-builder-api-v1 15.2.0+40875a9319
	   |-- fabric-particles-v1 4.0.2+6573ed8c19
	   |-- fabric-recipe-api-v1 5.0.13+6508971219
	   |-- fabric-registry-sync-v0 5.1.3+60c3209b19
	   |-- fabric-renderer-api-v1 3.4.0+c705a49c19
	   |-- fabric-renderer-indigo 1.7.0+c705a49c19
	   |-- fabric-renderer-registries-v1 3.2.68+df3654b319
	   |-- fabric-rendering-data-attachment-v1 0.3.48+73761d2e19
	   |-- fabric-rendering-fluids-v1 3.1.6+1daea21519
	   |-- fabric-rendering-v0 1.1.71+df3654b319
	   |-- fabric-rendering-v1 5.0.5+df16efd019
	   |-- fabric-resource-conditions-api-v1 4.3.0+8dc279b119
	   |-- fabric-resource-loader-v0 1.3.0+5659912919
	   |-- fabric-screen-api-v1 2.0.25+8b68f1c719
	   |-- fabric-screen-handler-api-v1 1.3.87+b559734419
	   |-- fabric-sound-api-v1 1.0.23+6573ed8c19
	   |-- fabric-transfer-api-v1 5.4.0+95bead5f19
	   \-- fabric-transitive-access-wideners-v1 6.1.0+1daea21519
	- fabric-language-kotlin 1.12.3+kotlin.2.0.21
	   |-- org_jetbrains_kotlin_kotlin-reflect 2.0.21
	   |-- org_jetbrains_kotlin_kotlin-stdlib 2.0.21
	   |-- org_jetbrains_kotlin_kotlin-stdlib-jdk7 2.0.21
	   |-- org_jetbrains_kotlin_kotlin-stdlib-jdk8 2.0.21
	   |-- org_jetbrains_kotlinx_atomicfu-jvm 0.25.0
	   |-- org_jetbrains_kotlinx_kotlinx-coroutines-core-jvm 1.9.0
	   |-- org_jetbrains_kotlinx_kotlinx-coroutines-jdk8 1.9.0
	   |-- org_jetbrains_kotlinx_kotlinx-datetime-jvm 0.6.1
	   |-- org_jetbrains_kotlinx_kotlinx-io-bytestring-jvm 0.5.4
	   |-- org_jetbrains_kotlinx_kotlinx-io-core-jvm 0.5.4
	   |-- org_jetbrains_kotlinx_kotlinx-serialization-cbor-jvm 1.7.3
	   |-- org_jetbrains_kotlinx_kotlinx-serialization-core-jvm 1.7.3
	   \-- org_jetbrains_kotlinx_kotlinx-serialization-json-jvm 1.7.3
	- fabricloader 0.16.3
	   \-- mixinextras 0.4.1
	- ferritecore 7.0.0
	- fishingrodfix 1.21-0.3
	- fzzy_config 0.5.4+1.21
	   |-- blue_endless_jankson 1.2.3
	   |-- fabric-permissions-api-v0 0.3.1
	   \-- net_peanuuutz_tomlkt_tomlkt-jvm 0.3.7
	- java 21
	- lithium 0.13.1
	- minecraft 1.21.1
	- modernfix 5.19.3+mc1.21.1
	- placeholder-api 2.4.1+1.21
	- sodiumleafculling 1.0.0
	- teamaddoners 2.0.0
	- yet_another_config_lib_v3 3.5.0+1.21-fabric
	   |-- com_twelvemonkeys_common_common-image 3.10.0
	   |-- com_twelvemonkeys_common_common-io 3.10.0
	   |-- com_twelvemonkeys_common_common-lang 3.10.0
	   |-- com_twelvemonkeys_imageio_imageio-core 3.10.0
	   |-- com_twelvemonkeys_imageio_imageio-metadata 3.10.0
	   |-- com_twelvemonkeys_imageio_imageio-webp 3.10.0
	   |-- org_quiltmc_parsers_gson 0.2.1
	   \-- org_quiltmc_parsers_json 0.2.1
[00:09:39] [main/INFO]: SpongePowered MIXIN Subsystem Version=0.8.7 Source=file:/workspaces/serverMC/servidor_minecraft/libraries/net/fabricmc/sponge-mixin/0.15.2+mixin.0.8.7/sponge-mixin-0.15.2+mixin.0.8.7.jar Service=Knot/Fabric Env=SERVER
[00:09:39] [main/INFO]: Compatibility level set to JAVA_16
[00:09:39] [main/INFO]: Compatibility level set to JAVA_18
[00:09:39] [main/INFO]: Compatibility level set to JAVA_21
[00:09:39] [main/INFO]: Loaded configuration file for Lithium: 144 options available, 1 override(s) found
[00:09:40] [main/INFO]: Loaded configuration file for ModernFix 5.19.3+mc1.21.1: 54 options available, 0 override(s) found
[00:09:40] [main/INFO]: Applying Nashorn fix
[00:09:40] [main/WARN]: Force-disabling mixin 'alloc.blockstate.StateMixin' as rule 'mixin.alloc.blockstate' (added by mods [ferritecore]) disables it and children
[00:09:41] [main/WARN]: Error loading class: net/caffeinemc/mods/sodium/client/render/frapi/render/AbstractBlockRenderContext (java.lang.ClassNotFoundException: net/caffeinemc/mods/sodium/client/render/frapi/render/AbstractBlockRenderContext)
[00:09:41] [main/WARN]: @Mixin target net.caffeinemc.mods.sodium.client.render.frapi.render.AbstractBlockRenderContext was not found mixins.sodiumleafculling.json:AbstractBlockRenderContextAccessor from mod sodiumleafculling
[00:09:41] [main/WARN]: Error loading class: net/caffeinemc/mods/sodium/client/render/chunk/compile/pipeline/BlockOcclusionCache (java.lang.ClassNotFoundException: net/caffeinemc/mods/sodium/client/render/chunk/compile/pipeline/BlockOcclusionCache)
[00:09:41] [main/WARN]: @Mixin target net.caffeinemc.mods.sodium.client.render.chunk.compile.pipeline.BlockOcclusionCache was not found mixins.sodiumleafculling.json:BlockOcclusionCacheMixin from mod sodiumleafculling
[00:09:41] [main/WARN]: Error loading class: net/caffeinemc/mods/sodium/client/render/chunk/compile/pipeline/BlockRenderer (java.lang.ClassNotFoundException: net/caffeinemc/mods/sodium/client/render/chunk/compile/pipeline/BlockRenderer)
[00:09:41] [main/WARN]: @Mixin target net.caffeinemc.mods.sodium.client.render.chunk.compile.pipeline.BlockRenderer was not found mixins.sodiumleafculling.json:BlockRendererMixin from mod sodiumleafculling
[00:09:41] [main/WARN]: Error loading class: net/caffeinemc/mods/sodium/client/gui/SodiumGameOptions$PerformanceSettings (java.lang.ClassNotFoundException: net/caffeinemc/mods/sodium/client/gui/SodiumGameOptions$PerformanceSettings)
[00:09:41] [main/WARN]: @Mixin target net.caffeinemc.mods.sodium.client.gui.SodiumGameOptions$PerformanceSettings was not found mixins.sodiumleafculling.json:PerformanceSettingsMixin from mod sodiumleafculling
[00:09:41] [main/WARN]: Error loading class: net/caffeinemc/mods/sodium/client/gui/SodiumGameOptionPages (java.lang.ClassNotFoundException: net/caffeinemc/mods/sodium/client/gui/SodiumGameOptionPages)
[00:09:41] [main/WARN]: @Mixin target net.caffeinemc.mods.sodium.client.gui.SodiumGameOptionPages was not found mixins.sodiumleafculling.json:SodiumGameOptionPagesMixin from mod sodiumleafculling
[00:09:41] [main/INFO]: Initializing MixinExtras via com.llamalad7.mixinextras.service.MixinExtrasServiceImpl(version=0.4.1).
[00:09:44] [main/INFO]: Injecting BlockStateBase cache population hook into lithium$getPathNodeType from me.jellysquid.mods.lithium.mixin.ai.pathing.AbstractBlockStateMixin
[00:09:44] [main/INFO]: Injecting BlockStateBase cache population hook into lithium$getAllFlags from me.jellysquid.mods.lithium.mixin.util.block_tracking.AbstractBlockStateMixin
[00:09:44] [main/INFO]: Injecting BlockStateBase cache population hook into lithium$getNeighborPathNodeType from me.jellysquid.mods.lithium.mixin.ai.pathing.AbstractBlockStateMixin
[00:09:45] [main/WARN]: Method overwrite conflict for method_21740 in modernfix-common.mixins.json:perf.remove_biome_temperature_cache.BiomeMixin from mod modernfix, previously written by me.jellysquid.mods.lithium.mixin.world.temperature_cache.BiomeMixin. Skipping method.
[00:09:49] [main/INFO]: Vanilla bootstrap took 6514 milliseconds
[00:09:49] [main/INFO]: [STDOUT]: Team Addoners Initializing
[00:09:50] [main/INFO]: Environment: Environment[sessionHost=https://sessionserver.mojang.com, servicesHost=https://api.minecraftservices.com, name=PROD]
[00:09:53] [main/INFO]: Loaded 1290 recipes
[00:09:54] [main/INFO]: Loaded 1399 advancements
[00:09:54] [main/INFO]: Applied 0 biome modifications to 0 of 64 new biomes in 2.266 ms
[00:09:54] [Server thread/INFO]: Starting minecraft server version 1.21.1
[00:09:54] [Server thread/INFO]: Loading properties
[00:09:54] [Server thread/INFO]: Default game type: SURVIVAL
[00:09:54] [Server thread/INFO]: Generating keypair
[00:09:54] [Server thread/INFO]: Starting Minecraft server on *:25565
[00:09:54] [Server thread/INFO]: Using epoll channel type
[00:09:54] [Server thread/WARN]: **** SERVER IS RUNNING IN OFFLINE/INSECURE MODE!
[00:09:54] [Server thread/WARN]: The server will make no attempt to authenticate usernames. Beware.
[00:09:54] [Server thread/WARN]: While this makes the game possible to play without internet access, it also opens up the ability for hackers to connect with any username they choose.
[00:09:54] [Server thread/WARN]: To change this, set "online-mode" to "true" in the server.properties file.
[00:09:54] [Server thread/INFO]: Preparing level "world"
[00:09:54] [Server thread/WARN]: Method overwrite conflict for removeIf in modernfix-common.mixins.json:bugfix.paper_chunk_patches.SortedArraySetMixin from mod modernfix, previously written by me.jellysquid.mods.lithium.mixin.collections.chunk_tickets.SortedArraySetMixin. Skipping method.
[00:09:55] [Server thread/INFO]: Preparing start region for dimension minecraft:overworld
[00:09:56] [Worker-Main-3/INFO]: Preparing spawn area: 0%
[00:09:56] [Worker-Main-3/INFO]: Preparing spawn area: 0%
[00:09:56] [Worker-Main-2/INFO]: Preparing spawn area: 2%
[00:09:56] [Server thread/INFO]: Time elapsed: 1259 ms
[00:09:56] [Server thread/INFO]: Done (1.920s)! For help, type "help"
[00:09:56] [Server thread/WARN]: Dedicated server took 28.384 seconds to load
[00:10:43] [Server thread/INFO]: joakkocn[/[0:0:0:0:0:0:0:1%0]:55960] logged in with entity id 58 at (-919.1829270856763, 63.0, -1277.1949966838893)
[00:10:43] [Server thread/INFO]: joakkocn joined the game
[00:10:53] [Server thread/INFO]: FacaSucia[/[0:0:0:0:0:0:0:1%0]:55984] logged in with entity id 249 at (-919.5, 70.0, -1351.5)
[00:10:53] [Server thread/INFO]: FacaSucia joined the game
[00:11:45] [Server thread/INFO]: [Not Secure] <FacaSucia> ey
[00:11:52] [Server thread/INFO]: [Not Secure] <joakkocn> q
[00:11:55] [Server thread/INFO]: [Not Secure] <FacaSucia> banca
[00:12:00] [Server thread/INFO]: [Not Secure] <joakkocn> donde estas
[00:12:00] [Server thread/INFO]: [Not Secure] <FacaSucia> confiuro
[00:12:11] [Server thread/INFO]: [Not Secure] <joakkocn> estas en una aldea?
[00:12:16] [Server thread/INFO]: [Not Secure] <FacaSucia> en un rato jugamos vicio pero ahora configuro y dps entro a farmear
[00:12:19] [Server thread/INFO]: [Not Secure] <FacaSucia> si
[00:12:24] [Server thread/INFO]: [Not Secure] <joakkocn> ok
[00:12:44] [Server thread/WARN]: Mismatch in destroy block pos: class_2338{x=-899, y=64, z=-1342} class_2338{x=-910, y=62, z=-1332}
[00:12:44] [Server thread/WARN]: Mismatch in destroy block pos: class_2338{x=-899, y=64, z=-1342} class_2338{x=-910, y=62, z=-1331}
[00:12:44] [Server thread/WARN]: Mismatch in destroy block pos: class_2338{x=-899, y=64, z=-1342} class_2338{x=-910, y=62, z=-1330}
[00:16:07] [Server thread/INFO]: [joakkocn: Created new objective [vida]]
[00:16:14] [Server thread/INFO]: [joakkocn: Set display slot list to show objective vida]
[00:16:16] [Server thread/INFO]: [Not Secure] <FacaSucia> AHI VENGOI
[00:16:39] [Server thread/INFO]: FacaSucia lost connection: Timed out
[00:16:39] [Server thread/INFO]: FacaSucia left the game
[00:16:39] [Server thread/WARN]: handleDisconnection() called twice
[00:17:44] [Server thread/INFO]: joakkocn has made the advancement [Acquire Hardware]
[00:17:57] [Server thread/INFO]: joakkocn has made the advancement [Isn't It Iron Pick]
[00:19:28] [Server thread/INFO]: ferraf[/[0:0:0:0:0:0:0:1%0]:49434] logged in with entity id 1693 at (-914.5, 63.0, -1343.5)
[00:19:28] [Server thread/INFO]: ferraf joined the game
[00:19:44] [Server thread/INFO]: [Not Secure] <ferraf> ey
[00:19:48] [Server thread/INFO]: [Not Secure] <ferraf> no hay
[00:19:50] [Server thread/INFO]: [Not Secure] <ferraf> skin
[00:19:58] [Server thread/INFO]: [Not Secure] <joakkocn> no se como se pone
[00:20:03] [Server thread/INFO]: [Not Secure] <joakkocn> pero deja
[00:20:06] [Server thread/INFO]: [Not Secure] <joakkocn> es lo mismo
[00:20:08] [Server thread/INFO]: [Not Secure] <joakkocn> mogolico
[00:20:09] [Server thread/INFO]: [Not Secure] <ferraf> oka
[00:20:15] [Server thread/INFO]: [Not Secure] <ferraf> ajajaaj bardea negro del orto
[00:20:19] [Server thread/INFO]: ferraf lost connection: You logged in from another location
[00:20:19] [Server thread/INFO]: ferraf left the game
[00:20:22] [Server thread/INFO]: ferraf[/[0:0:0:0:0:0:0:1%0]:45984] logged in with entity id 1902 at (-944.7726482999552, 63.9375, -1331.8911843636765)
[00:20:22] [Server thread/INFO]: ferraf joined the game
[00:20:42] [Server thread/INFO]: [Not Secure] <joakkocn> como te anda
[00:20:43] [Server thread/INFO]: [Not Secure] <ferraf> va re piola
[00:20:48] [Server thread/INFO]: [Not Secure] <joakkocn> cuantos fps
[00:20:50] [Server thread/INFO]: [Not Secure] <ferraf> como muestro fps
[00:20:59] [Server thread/INFO]: [Not Secure] <joakkocn> f3
[00:21:10] [Server thread/INFO]: [Not Secure] <ferraf> 60 estables
[00:21:13] [Server thread/INFO]: [Not Secure] <joakkocn> a bien
[00:21:28] [Server thread/INFO]: [Not Secure] <ferraf> si pero ahora los subo occon el video
[00:21:30] [Server thread/INFO]: [Not Secure] <ferraf> banca
[00:21:46] [Server thread/WARN]: Mismatch in destroy block pos: class_2338{x=0, y=0, z=0} class_2338{x=-921, y=63, z=-1343}
[00:21:48] [Server thread/WARN]: Mismatch in destroy block pos: class_2338{x=0, y=0, z=0} class_2338{x=-922, y=65, z=-1343}
[00:21:51] [Server thread/WARN]: Mismatch in destroy block pos: class_2338{x=0, y=0, z=0} class_2338{x=-922, y=64, z=-1343}
[00:21:57] [Server thread/WARN]: Mismatch in destroy block pos: class_2338{x=0, y=0, z=0} class_2338{x=-920, y=65, z=-1341}
[00:21:59] [Server thread/WARN]: Mismatch in destroy block pos: class_2338{x=0, y=0, z=0} class_2338{x=-920, y=64, z=-1341}
[00:22:05] [Server thread/WARN]: Mismatch in destroy block pos: class_2338{x=0, y=0, z=0} class_2338{x=-930, y=62, z=-1340}
[00:22:08] [Server thread/INFO]: ferraf was slain by Zombie
[00:22:19] [Server thread/WARN]: Mismatch in destroy block pos: class_2338{x=0, y=0, z=0} class_2338{x=-922, y=64, z=-1342}
[00:22:30] [Server thread/INFO]: ferraf has made the advancement [Monster Hunter]
[00:30:48] [Server thread/INFO]: joakkocn was slain by Zombie
[00:31:38] [Server thread/WARN]: Mismatch in destroy block pos: class_2338{x=-953, y=71, z=-1339} class_2338{x=-915, y=62, z=-1327}
[00:31:38] [Server thread/WARN]: Mismatch in destroy block pos: class_2338{x=-953, y=71, z=-1339} class_2338{x=-916, y=62, z=-1327}
[00:31:38] [Server thread/WARN]: Mismatch in destroy block pos: class_2338{x=-918, y=63, z=-1326} class_2338{x=-919, y=62, z=-1327}
[00:31:59] [Server thread/INFO]: joakkocn has made the advancement [Stone Age]
[00:33:11] [Server thread/WARN]: Mismatch in destroy block pos: class_2338{x=-918, y=63, z=-1326} class_2338{x=-906, y=65, z=-1358}
[00:33:11] [Server thread/WARN]: Mismatch in destroy block pos: class_2338{x=-918, y=63, z=-1326} class_2338{x=-906, y=64, z=-1358}
[00:38:08] [Server thread/INFO]: ferraf lost connection: Timed out
[00:38:08] [Server thread/INFO]: ferraf left the game
